11:42:23 :: DEBUG :: |
|
11:42:23 :: DEBUG :: fantom answers
11:42:23 :: DEBUG :: question type ----- select character
11:42:23 :: DEBUG :: data -------------- [{'color': 'red', 'suspect': True, 'position': 1, 'power': True}, {'color': 'brown', 'suspect': True, 'position': 6, 'power': True}, {'color': 'black', 'suspect': True, 'position': 4, 'power': True}]
11:42:23 :: DEBUG :: response index ---- 2
11:42:23 :: DEBUG :: response ---------- {'color': 'black', 'suspect': True, 'position': 4, 'power': True}
11:42:23 :: DEBUG :: |
|
11:42:23 :: DEBUG :: fantom answers
11:42:23 :: DEBUG :: question type ----- select position
11:42:23 :: DEBUG :: data -------------- [0, 8, 5]
11:42:23 :: DEBUG :: response index ---- 0
11:42:23 :: DEBUG :: response ---------- 0
11:42:23 :: DEBUG :: |
|
11:42:23 :: DEBUG :: fantom answers
11:42:23 :: DEBUG :: question type ----- activate black power
11:42:23 :: DEBUG :: data -------------- [0, 1]
11:42:23 :: DEBUG :: response index ---- 1
11:42:23 :: DEBUG :: response ---------- 1
11:42:23 :: DEBUG :: |
|
11:42:23 :: DEBUG :: fantom answers
11:42:23 :: DEBUG :: question type ----- select character
11:42:23 :: DEBUG :: data -------------- [{'color': 'red', 'suspect': True, 'position': 0, 'power': True}, {'color': 'brown', 'suspect': True, 'position': 6, 'power': True}]
11:42:23 :: DEBUG :: response index ---- 1
11:42:23 :: DEBUG :: response ---------- {'color': 'brown', 'suspect': True, 'position': 6, 'power': True}
11:42:23 :: DEBUG :: |
|
11:42:23 :: DEBUG :: fantom answers
11:42:23 :: DEBUG :: question type ----- activate brown power
11:42:23 :: DEBUG :: data -------------- [0, 1]
11:42:23 :: DEBUG :: response index ---- 1
11:42:23 :: DEBUG :: response ---------- 1
11:42:23 :: DEBUG :: |
|
11:42:23 :: DEBUG :: fantom answers
11:42:23 :: DEBUG :: question type ----- select position
11:42:23 :: DEBUG :: data -------------- [5, 7]
11:42:23 :: DEBUG :: response index ---- 1
11:42:23 :: DEBUG :: response ---------- 7
11:42:23 :: DEBUG :: |
|
11:42:23 :: DEBUG :: fantom answers
11:42:23 :: DEBUG :: question type ----- select character
11:42:23 :: DEBUG :: data -------------- [{'color': 'pink', 'suspect': True, 'position': 7, 'power': True}, {'color': 'white', 'suspect': False, 'position': 5, 'power': True}, {'color': 'blue', 'suspect': False, 'position': 2, 'power': True}, {'color': 'grey', 'suspect': False, 'position': 3, 'power': True}]
11:42:23 :: DEBUG :: response index ---- 1
11:42:23 :: DEBUG :: response ---------- {'color': 'white', 'suspect': False, 'position': 5, 'power': True}
11:42:24 :: DEBUG :: |
|
11:42:24 :: DEBUG :: fantom answers
11:42:24 :: DEBUG :: question type ----- select position
11:42:24 :: DEBUG :: data -------------- [4, 6]
11:42:24 :: DEBUG :: response index ---- 0
11:42:24 :: DEBUG :: response ---------- 4
11:42:24 :: DEBUG :: |
|
11:42:24 :: DEBUG :: fantom answers
11:42:24 :: DEBUG :: question type ----- activate white power
11:42:24 :: DEBUG :: data -------------- [0, 1]
11:42:24 :: DEBUG :: response index ---- 0
11:42:24 :: DEBUG :: response ---------- 0
11:42:24 :: DEBUG :: |
|
11:42:24 :: DEBUG :: fantom answers
11:42:24 :: DEBUG :: question type ----- select character
11:42:24 :: DEBUG :: data -------------- [{'color': 'grey', 'suspect': False, 'position': 3, 'power': True}]
11:42:24 :: DEBUG :: response index ---- 0
11:42:24 :: DEBUG :: response ---------- {'color': 'grey', 'suspect': False, 'position': 3, 'power': True}
11:42:24 :: DEBUG :: |
|
11:42:24 :: DEBUG :: fantom answers
11:42:24 :: DEBUG :: question type ----- activate grey power
11:42:24 :: DEBUG :: data -------------- [0, 1]
11:42:24 :: DEBUG :: response index ---- 1
11:42:24 :: DEBUG :: response ---------- 1
11:42:24 :: DEBUG :: |
|
11:42:24 :: DEBUG :: fantom answers
11:42:24 :: DEBUG :: question type ----- grey character power
11:42:24 :: DEBUG :: data -------------- [0, 1, 2, 3, 4, 5, 6, 7, 8, 9]
11:42:24 :: DEBUG :: response index ---- 5
11:42:24 :: DEBUG :: response ---------- 5
11:42:24 :: DEBUG :: |
|
11:42:24 :: DEBUG :: fantom answers
11:42:24 :: DEBUG :: question type ----- select position
11:42:24 :: DEBUG :: data -------------- [2, 7]
11:42:24 :: DEBUG :: response index ---- 1
11:42:24 :: DEBUG :: response ---------- 7
11:42:25 :: DEBUG :: |
|
11:42:25 :: DEBUG :: fantom answers
11:42:25 :: DEBUG :: question type ----- select character
11:42:25 :: DEBUG :: data -------------- [{'color': 'grey', 'suspect': False, 'position': 7, 'power': True}, {'color': 'pink', 'suspect': False, 'position': 3, 'power': True}, {'color': 'purple', 'suspect': True, 'position': 4, 'power': True}]
11:42:25 :: DEBUG :: response index ---- 1
11:42:25 :: DEBUG :: response ---------- {'color': 'pink', 'suspect': False, 'position': 3, 'power': True}
11:42:25 :: DEBUG :: |
|
11:42:25 :: DEBUG :: fantom answers
11:42:25 :: DEBUG :: question type ----- select position
11:42:25 :: DEBUG :: data -------------- [2, 7]
11:42:25 :: DEBUG :: response index ---- 0
11:42:25 :: DEBUG :: response ---------- 2
11:42:25 :: DEBUG :: |
|
11:42:25 :: DEBUG :: fantom answers
11:42:25 :: DEBUG :: question type ----- select character
11:42:25 :: DEBUG :: data -------------- [{'color': 'grey', 'suspect': False, 'position': 7, 'power': True}, {'color': 'purple', 'suspect': True, 'position': 4, 'power': True}]
11:42:25 :: DEBUG :: response index ---- 0
11:42:25 :: DEBUG :: response ---------- {'color': 'grey', 'suspect': False, 'position': 7, 'power': True}
11:42:25 :: DEBUG :: |
|
11:42:25 :: DEBUG :: fantom answers
11:42:25 :: DEBUG :: question type ----- activate grey power
11:42:25 :: DEBUG :: data -------------- [0, 1]
11:42:25 :: DEBUG :: response index ---- 0
11:42:25 :: DEBUG :: response ---------- 0
11:42:25 :: DEBUG :: |
|
11:42:25 :: DEBUG :: fantom answers
11:42:25 :: DEBUG :: question type ----- select position
11:42:25 :: DEBUG :: data -------------- [9, 3, 6]
11:42:25 :: DEBUG :: response index ---- 2
11:42:25 :: DEBUG :: response ---------- 6
11:42:25 :: DEBUG :: |
|
11:42:25 :: DEBUG :: fantom answers
11:42:25 :: DEBUG :: question type ----- activate grey power
11:42:25 :: DEBUG :: data -------------- [0, 1]
11:42:25 :: DEBUG :: response index ---- 1
11:42:25 :: DEBUG :: response ---------- 1
11:42:25 :: DEBUG :: |
|
11:42:25 :: DEBUG :: fantom answers
11:42:25 :: DEBUG :: question type ----- grey character power
11:42:25 :: DEBUG :: data -------------- [0, 1, 2, 3, 4, 5, 6, 7, 8, 9]
11:42:25 :: DEBUG :: response index ---- 6
11:42:25 :: DEBUG :: response ---------- 6
11:42:26 :: DEBUG :: |
|
11:42:26 :: DEBUG :: fantom answers
11:42:26 :: DEBUG :: question type ----- select character
11:42:26 :: DEBUG :: data -------------- [{'color': 'brown', 'suspect': True, 'position': 7, 'power': True}, {'color': 'blue', 'suspect': False, 'position': 1, 'power': True}, {'color': 'red', 'suspect': False, 'position': 1, 'power': True}, {'color': 'white', 'suspect': False, 'position': 4, 'power': True}]
11:42:26 :: DEBUG :: response index ---- 0
11:42:26 :: DEBUG :: response ---------- {'color': 'brown', 'suspect': True, 'position': 7, 'power': True}
11:42:26 :: DEBUG :: |
|
11:42:26 :: DEBUG :: fantom answers
11:42:26 :: DEBUG :: question type ----- activate brown power
11:42:26 :: DEBUG :: data -------------- [0, 1]
11:42:26 :: DEBUG :: response index ---- 1
11:42:26 :: DEBUG :: response ---------- 1
11:42:26 :: DEBUG :: |
|
11:42:26 :: DEBUG :: fantom answers
11:42:26 :: DEBUG :: question type ----- select position
11:42:26 :: DEBUG :: data -------------- [9, 3, 6]
11:42:26 :: DEBUG :: response index ---- 2
11:42:26 :: DEBUG :: response ---------- 6
11:42:27 :: DEBUG :: |
|
11:42:27 :: DEBUG :: fantom answers
11:42:27 :: DEBUG :: question type ----- select character
11:42:27 :: DEBUG :: data -------------- [{'color': 'white', 'suspect': False, 'position': 4, 'power': True}]
11:42:27 :: DEBUG :: response index ---- 0
11:42:27 :: DEBUG :: response ---------- {'color': 'white', 'suspect': False, 'position': 4, 'power': True}
11:42:27 :: DEBUG :: |
|
11:42:27 :: DEBUG :: fantom answers
11:42:27 :: DEBUG :: question type ----- select position
11:42:27 :: DEBUG :: data -------------- [0, 8, 5]
11:42:27 :: DEBUG :: response index ---- 1
11:42:27 :: DEBUG :: response ---------- 8
11:42:27 :: DEBUG :: |
|
11:42:27 :: DEBUG :: fantom answers
11:42:27 :: DEBUG :: question type ----- activate white power
11:42:27 :: DEBUG :: data -------------- [0, 1]
11:42:27 :: DEBUG :: response index ---- 0
11:42:27 :: DEBUG :: response ---------- 0
11:42:27 :: DEBUG :: |
|
11:42:27 :: DEBUG :: fantom answers
11:42:27 :: DEBUG :: question type ----- select character
11:42:27 :: DEBUG :: data -------------- [{'color': 'grey', 'suspect': False, 'position': 4, 'power': True}, {'color': 'black', 'suspect': False, 'position': 4, 'power': True}, {'color': 'purple', 'suspect': True, 'position': 6, 'power': True}]
11:42:27 :: DEBUG :: response index ---- 0
11:42:27 :: DEBUG :: response ---------- {'color': 'grey', 'suspect': False, 'position': 4, 'power': True}
11:42:27 :: DEBUG :: |
|
11:42:27 :: DEBUG :: fantom answers
11:42:27 :: DEBUG :: question type ----- activate grey power
11:42:27 :: DEBUG :: data -------------- [0, 1]
11:42:27 :: DEBUG :: response index ---- 1
11:42:27 :: DEBUG :: response ---------- 1
11:42:27 :: DEBUG :: |
|
11:42:27 :: DEBUG :: fantom answers
11:42:27 :: DEBUG :: question type ----- grey character power
11:42:27 :: DEBUG :: data -------------- [0, 1, 2, 3, 4, 5, 6, 7, 8, 9]
11:42:27 :: DEBUG :: response index ---- 8
11:42:27 :: DEBUG :: response ---------- 8
11:42:27 :: DEBUG :: |
|
11:42:27 :: DEBUG :: fantom answers
11:42:27 :: DEBUG :: question type ----- select position
11:42:27 :: DEBUG :: data -------------- [0, 8, 5]
11:42:27 :: DEBUG :: response index ---- 2
11:42:27 :: DEBUG :: response ---------- 5
11:42:27 :: DEBUG :: |
|
11:42:27 :: DEBUG :: fantom answers
11:42:27 :: DEBUG :: question type ----- select character
11:42:27 :: DEBUG :: data -------------- [{'color': 'black', 'suspect': False, 'position': 4, 'power': True}, {'color': 'purple', 'suspect': True, 'position': 6, 'power': True}]
11:42:27 :: DEBUG :: response index ---- 1
11:42:27 :: DEBUG :: response ---------- {'color': 'purple', 'suspect': True, 'position': 6, 'power': True}
11:42:27 :: DEBUG :: |
|
11:42:27 :: DEBUG :: fantom answers
11:42:27 :: DEBUG :: question type ----- activate purple power
11:42:27 :: DEBUG :: data -------------- [0, 1]
11:42:27 :: DEBUG :: response index ---- 1
11:42:27 :: DEBUG :: response ---------- 1
11:42:28 :: DEBUG :: |
|
11:42:28 :: DEBUG :: fantom answers
11:42:28 :: DEBUG :: question type ----- purple character power
11:42:28 :: DEBUG :: data -------------- ['pink', 'blue', 'grey', 'white', 'purple', 'brown', 'red', 'black']
11:42:28 :: DEBUG :: response index ---- 1
11:42:28 :: DEBUG :: response ---------- blue
11:42:28 :: DEBUG :: |
|
11:42:28 :: DEBUG :: fantom answers
11:42:28 :: DEBUG :: question type ----- select character
11:42:28 :: DEBUG :: data -------------- [{'color': 'brown', 'suspect': True, 'position': 6, 'power': True}, {'color': 'blue', 'suspect': False, 'position': 6, 'power': True}, {'color': 'red', 'suspect': False, 'position': 2, 'power': True}, {'color': 'pink', 'suspect': False, 'position': 2, 'power': True}]
11:42:28 :: DEBUG :: response index ---- 0
11:42:28 :: DEBUG :: response ---------- {'color': 'brown', 'suspect': True, 'position': 6, 'power': True}
11:42:28 :: DEBUG :: |
|
11:42:28 :: DEBUG :: fantom answers
11:42:28 :: DEBUG :: question type ----- activate brown power
11:42:28 :: DEBUG :: data -------------- [0, 1]
11:42:28 :: DEBUG :: response index ---- 1
11:42:28 :: DEBUG :: response ---------- 1
11:42:28 :: DEBUG :: |
|
11:42:28 :: DEBUG :: fantom answers
11:42:28 :: DEBUG :: question type ----- select position
11:42:28 :: DEBUG :: data -------------- [5, 7]
11:42:28 :: DEBUG :: response index ---- 1
11:42:28 :: DEBUG :: response ---------- 7
11:42:28 :: DEBUG :: |
|
11:42:28 :: DEBUG :: fantom answers
11:42:28 :: DEBUG :: question type ----- select character
11:42:28 :: DEBUG :: data -------------- [{'color': 'blue', 'suspect': False, 'position': 7, 'power': True}]
11:42:28 :: DEBUG :: response index ---- 0
11:42:28 :: DEBUG :: response ---------- {'color': 'blue', 'suspect': False, 'position': 7, 'power': True}
11:42:29 :: DEBUG :: |
|
11:42:29 :: DEBUG :: fantom answers
11:42:29 :: DEBUG :: question type ----- activate blue power
11:42:29 :: DEBUG :: data -------------- [0, 1]
11:42:29 :: DEBUG :: response index ---- 1
11:42:29 :: DEBUG :: response ---------- 1
11:42:29 :: DEBUG :: |
|
11:42:29 :: DEBUG :: fantom answers
11:42:29 :: DEBUG :: question type ----- blue character power room
11:42:29 :: DEBUG :: data -------------- [0, 1, 2, 3, 4, 5, 6, 7, 8, 9]
11:42:29 :: DEBUG :: response index ---- 5
11:42:29 :: DEBUG :: response ---------- 5
11:42:29 :: DEBUG :: |
|
11:42:29 :: DEBUG :: fantom answers
11:42:29 :: DEBUG :: question type ----- blue character power exit
11:42:29 :: DEBUG :: data -------------- [4, 6]
11:42:29 :: DEBUG :: response index ---- 1
11:42:29 :: DEBUG :: response ---------- 6
11:42:29 :: DEBUG :: |
|
11:42:29 :: DEBUG :: fantom answers
11:42:29 :: DEBUG :: question type ----- select position
11:42:29 :: DEBUG :: data -------------- [9, 3, 6]
11:42:29 :: DEBUG :: response index ---- 1
11:42:29 :: DEBUG :: response ---------- 3
