15:38:33 :: DEBUG :: |
|
15:38:33 :: DEBUG :: fantom answers
15:38:33 :: DEBUG :: question type ----- select character
15:38:33 :: DEBUG :: data -------------- [{'color': 'red', 'suspect': True, 'position': 2, 'power': True}, {'color': 'white', 'suspect': True, 'position': 4, 'power': True}, {'color': 'blue', 'suspect': True, 'position': 5, 'power': True}]
15:38:33 :: DEBUG :: response index ---- 2
15:38:33 :: DEBUG :: response ---------- {'color': 'blue', 'suspect': True, 'position': 5, 'power': True}
15:38:33 :: DEBUG :: |
|
15:38:33 :: DEBUG :: fantom answers
15:38:33 :: DEBUG :: question type ----- activate blue power
15:38:33 :: DEBUG :: data -------------- [0, 1]
15:38:33 :: DEBUG :: response index ---- 1
15:38:33 :: DEBUG :: response ---------- 1
15:38:33 :: DEBUG :: |
|
15:38:33 :: DEBUG :: fantom answers
15:38:33 :: DEBUG :: question type ----- blue character power room
15:38:33 :: DEBUG :: data -------------- [0, 1, 2, 3, 4, 5, 6, 7, 8, 9]
15:38:33 :: DEBUG :: response index ---- 4
15:38:33 :: DEBUG :: response ---------- 4
15:38:33 :: DEBUG :: |
|
15:38:33 :: DEBUG :: fantom answers
15:38:33 :: DEBUG :: question type ----- blue character power exit
15:38:33 :: DEBUG :: data -------------- [0, 8, 5]
15:38:33 :: DEBUG :: response index ---- 1
15:38:33 :: DEBUG :: response ---------- 8
15:38:33 :: DEBUG :: |
|
15:38:33 :: DEBUG :: fantom answers
15:38:33 :: DEBUG :: question type ----- select position
15:38:33 :: DEBUG :: data -------------- [4, 6]
15:38:33 :: DEBUG :: response index ---- 1
15:38:33 :: DEBUG :: response ---------- 6
15:38:33 :: DEBUG :: |
|
15:38:33 :: DEBUG :: fantom answers
15:38:33 :: DEBUG :: question type ----- select character
15:38:33 :: DEBUG :: data -------------- [{'color': 'red', 'suspect': True, 'position': 2, 'power': True}, {'color': 'white', 'suspect': True, 'position': 4, 'power': True}]
15:38:33 :: DEBUG :: response index ---- 1
15:38:33 :: DEBUG :: response ---------- {'color': 'white', 'suspect': True, 'position': 4, 'power': True}
15:38:33 :: DEBUG :: |
|
15:38:33 :: DEBUG :: fantom answers
15:38:33 :: DEBUG :: question type ----- select position
15:38:33 :: DEBUG :: data -------------- [0, 5]
15:38:33 :: DEBUG :: response index ---- 1
15:38:33 :: DEBUG :: response ---------- 5
15:38:33 :: DEBUG :: |
|
15:38:33 :: DEBUG :: fantom answers
15:38:33 :: DEBUG :: question type ----- activate white power
15:38:33 :: DEBUG :: data -------------- [0, 1]
15:38:33 :: DEBUG :: response index ---- 1
15:38:33 :: DEBUG :: response ---------- 1
15:38:34 :: DEBUG :: |
|
15:38:34 :: DEBUG :: fantom answers
15:38:34 :: DEBUG :: question type ----- select character
15:38:34 :: DEBUG :: data -------------- [{'color': 'grey', 'suspect': True, 'position': 7, 'power': True}, {'color': 'purple', 'suspect': False, 'position': 0, 'power': True}, {'color': 'pink', 'suspect': True, 'position': 6, 'power': True}, {'color': 'black', 'suspect': True, 'position': 1, 'power': True}]
15:38:34 :: DEBUG :: response index ---- 1
15:38:34 :: DEBUG :: response ---------- {'color': 'purple', 'suspect': False, 'position': 0, 'power': True}
15:38:34 :: DEBUG :: |
|
15:38:34 :: DEBUG :: fantom answers
15:38:34 :: DEBUG :: question type ----- activate purple power
15:38:34 :: DEBUG :: data -------------- [0, 1]
15:38:34 :: DEBUG :: response index ---- 1
15:38:34 :: DEBUG :: response ---------- 1
15:38:34 :: DEBUG :: |
|
15:38:34 :: DEBUG :: fantom answers
15:38:34 :: DEBUG :: question type ----- purple character power
15:38:34 :: DEBUG :: data -------------- ['black', 'pink', 'blue', 'red', 'grey', 'brown', 'white']
15:38:34 :: DEBUG :: response index ---- 4
15:38:34 :: DEBUG :: response ---------- grey
15:38:34 :: DEBUG :: |
|
15:38:34 :: DEBUG :: fantom answers
15:38:34 :: DEBUG :: question type ----- select character
15:38:34 :: DEBUG :: data -------------- [{'color': 'grey', 'suspect': True, 'position': 0, 'power': True}]
15:38:34 :: DEBUG :: response index ---- 0
15:38:34 :: DEBUG :: response ---------- {'color': 'grey', 'suspect': True, 'position': 0, 'power': True}
15:38:34 :: DEBUG :: |
|
15:38:34 :: DEBUG :: fantom answers
15:38:34 :: DEBUG :: question type ----- activate grey power
15:38:34 :: DEBUG :: data -------------- [0, 1]
15:38:34 :: DEBUG :: response index ---- 0
15:38:34 :: DEBUG :: response ---------- 0
15:38:35 :: DEBUG :: |
|
15:38:35 :: DEBUG :: fantom answers
15:38:35 :: DEBUG :: question type ----- select position
15:38:35 :: DEBUG :: data -------------- [1, 4]
15:38:35 :: DEBUG :: response index ---- 0
15:38:35 :: DEBUG :: response ---------- 1
15:38:35 :: DEBUG :: |
|
15:38:35 :: DEBUG :: fantom answers
15:38:35 :: DEBUG :: question type ----- activate grey power
15:38:35 :: DEBUG :: data -------------- [0, 1]
15:38:35 :: DEBUG :: response index ---- 1
15:38:35 :: DEBUG :: response ---------- 1
15:38:35 :: DEBUG :: |
|
15:38:35 :: DEBUG :: fantom answers
15:38:35 :: DEBUG :: question type ----- grey character power
15:38:35 :: DEBUG :: data -------------- [0, 1, 2, 3, 4, 5, 6, 7, 8, 9]
15:38:35 :: DEBUG :: response index ---- 6
15:38:35 :: DEBUG :: response ---------- 6
15:38:35 :: DEBUG :: |
|
15:38:35 :: DEBUG :: fantom answers
15:38:35 :: DEBUG :: question type ----- select character
15:38:35 :: DEBUG :: data -------------- [{'color': 'brown', 'suspect': False, 'position': 7, 'power': True}, {'color': 'pink', 'suspect': True, 'position': 9, 'power': True}, {'color': 'red', 'suspect': False, 'position': 4, 'power': True}]
15:38:35 :: DEBUG :: response index ---- 2
15:38:35 :: DEBUG :: response ---------- {'color': 'red', 'suspect': False, 'position': 4, 'power': True}
15:38:35 :: DEBUG :: |
|
15:38:35 :: DEBUG :: fantom answers
15:38:35 :: DEBUG :: question type ----- activate red power
15:38:35 :: DEBUG :: data -------------- [0, 1]
15:38:35 :: DEBUG :: response index ---- 1
15:38:35 :: DEBUG :: response ---------- 1
15:38:35 :: DEBUG :: |
|
15:38:35 :: DEBUG :: fantom answers
15:38:35 :: DEBUG :: question type ----- select position
15:38:35 :: DEBUG :: data -------------- [0, 5]
15:38:35 :: DEBUG :: response index ---- 0
15:38:35 :: DEBUG :: response ---------- 0
15:38:35 :: DEBUG :: |
|
15:38:35 :: DEBUG :: fantom answers
15:38:35 :: DEBUG :: question type ----- select character
15:38:35 :: DEBUG :: data -------------- [{'color': 'brown', 'suspect': False, 'position': 7, 'power': True}, {'color': 'pink', 'suspect': True, 'position': 9, 'power': True}]
15:38:35 :: DEBUG :: response index ---- 1
15:38:35 :: DEBUG :: response ---------- {'color': 'pink', 'suspect': True, 'position': 9, 'power': True}
15:38:35 :: DEBUG :: |
|
15:38:35 :: DEBUG :: fantom answers
15:38:35 :: DEBUG :: question type ----- select position
15:38:35 :: DEBUG :: data -------------- [8, 4, 6, 7]
15:38:35 :: DEBUG :: response index ---- 1
15:38:35 :: DEBUG :: response ---------- 4
