15:38:28 :: INFO :: no client yet
15:38:31 :: INFO :: Received client !
15:38:33 :: INFO :: Received client !
15:38:33 :: INFO :: received all clients
15:38:33 :: INFO :: the fantom is pink
15:38:33 :: INFO :: 
=======
new game
=======
15:38:33 :: INFO :: shuffle 8 tiles
15:38:33 :: INFO :: shuffle 10 cards
15:38:33 :: INFO :: 
------------------
15:38:33 :: INFO :: Tour: 1,
Position Carlotta / exit: 4/22,
Shadow: 3,
blocked: {2, 3}
brown-3-suspect
purple-0-suspect
black-1-suspect
white-4-suspect
pink-6-suspect
blue-5-suspect
red-2-suspect
grey-7-suspect
15:38:33 :: DEBUG :: {
    "position_carlotta": 4,
    "exit": 22,
    "num_tour": 1,
    "shadow": 3,
    "blocked": [
        2,
        3
    ],
    "characters": [
        {
            "color": "brown",
            "suspect": true,
            "position": 3,
            "power": true
        },
        {
            "color": "purple",
            "suspect": true,
            "position": 0,
            "power": true
        },
        {
            "color": "black",
            "suspect": true,
            "position": 1,
            "power": true
        },
        {
            "color": "white",
            "suspect": true,
            "position": 4,
            "power": true
        },
        {
            "color": "pink",
            "suspect": true,
            "position": 6,
            "power": true
        },
        {
            "color": "blue",
            "suspect": true,
            "position": 5,
            "power": true
        },
        {
            "color": "red",
            "suspect": true,
            "position": 2,
            "power": true
        },
        {
            "color": "grey",
            "suspect": true,
            "position": 7,
            "power": true
        }
    ],
    "active tiles": []
}
15:38:33 :: INFO :: -
shuffle 8 tiles
-
15:38:33 :: INFO :: --
fantom plays
--
15:38:33 :: DEBUG :: {
    "position_carlotta": 4,
    "exit": 22,
    "num_tour": 1,
    "shadow": 3,
    "blocked": [
        2,
        3
    ],
    "characters": [
        {
            "color": "brown",
            "suspect": true,
            "position": 3,
            "power": true
        },
        {
            "color": "purple",
            "suspect": true,
            "position": 0,
            "power": true
        },
        {
            "color": "black",
            "suspect": true,
            "position": 1,
            "power": true
        },
        {
            "color": "white",
            "suspect": true,
            "position": 4,
            "power": true
        },
        {
            "color": "pink",
            "suspect": true,
            "position": 6,
            "power": true
        },
        {
            "color": "blue",
            "suspect": true,
            "position": 5,
            "power": true
        },
        {
            "color": "red",
            "suspect": true,
            "position": 2,
            "power": true
        },
        {
            "color": "grey",
            "suspect": true,
            "position": 7,
            "power": true
        }
    ],
    "active tiles": [
        {
            "color": "brown",
            "suspect": true,
            "position": 3,
            "power": true
        },
        {
            "color": "red",
            "suspect": true,
            "position": 2,
            "power": true
        },
        {
            "color": "white",
            "suspect": true,
            "position": 4,
            "power": true
        },
        {
            "color": "blue",
            "suspect": true,
            "position": 5,
            "power": true
        }
    ]
}
15:38:33 :: DEBUG :: send json to player 1
15:38:33 :: DEBUG :: receive json from player 1
15:38:33 :: INFO :: question : select character
15:38:33 :: INFO :: answer : brown-3-suspect
15:38:33 :: DEBUG :: send json to player 1
15:38:33 :: DEBUG :: receive json from player 1
15:38:33 :: INFO :: question : activate brown power
15:38:33 :: INFO :: answer  : yes
15:38:33 :: INFO :: brown power activated
15:38:33 :: DEBUG :: send json to player 1
15:38:33 :: DEBUG :: receive json from player 1
15:38:33 :: INFO :: question : select position
15:38:33 :: INFO :: answer : 7
15:38:33 :: INFO :: new position : brown-7-suspect
15:38:33 :: INFO :: --
inspector plays
--
15:38:33 :: DEBUG :: {
    "position_carlotta": 4,
    "exit": 22,
    "num_tour": 1,
    "shadow": 3,
    "blocked": [
        2,
        3
    ],
    "characters": [
        {
            "color": "brown",
            "suspect": true,
            "position": 7,
            "power": false
        },
        {
            "color": "purple",
            "suspect": true,
            "position": 0,
            "power": true
        },
        {
            "color": "black",
            "suspect": true,
            "position": 1,
            "power": true
        },
        {
            "color": "white",
            "suspect": true,
            "position": 4,
            "power": true
        },
        {
            "color": "pink",
            "suspect": true,
            "position": 6,
            "power": true
        },
        {
            "color": "blue",
            "suspect": true,
            "position": 5,
            "power": true
        },
        {
            "color": "red",
            "suspect": true,
            "position": 2,
            "power": true
        },
        {
            "color": "grey",
            "suspect": true,
            "position": 7,
            "power": true
        }
    ],
    "active tiles": [
        {
            "color": "red",
            "suspect": true,
            "position": 2,
            "power": true
        },
        {
            "color": "white",
            "suspect": true,
            "position": 4,
            "power": true
        },
        {
            "color": "blue",
            "suspect": true,
            "position": 5,
            "power": true
        }
    ]
}
15:38:33 :: DEBUG :: send json to player 0
15:38:33 :: DEBUG :: receive json from player 0
15:38:33 :: INFO :: question : select character
15:38:33 :: INFO :: answer : blue-5-suspect
15:38:33 :: DEBUG :: send json to player 0
15:38:33 :: DEBUG :: receive json from player 0
15:38:33 :: INFO :: question : activate blue power
15:38:33 :: INFO :: answer  : yes
15:38:33 :: INFO :: blue power activated
15:38:33 :: DEBUG :: send json to player 0
15:38:33 :: DEBUG :: receive json from player 0
15:38:33 :: DEBUG :: send json to player 0
15:38:33 :: DEBUG :: receive json from player 0
15:38:33 :: INFO :: question : blue character power exit
15:38:33 :: INFO :: answer : {8, 4}
15:38:33 :: DEBUG :: send json to player 0
15:38:33 :: DEBUG :: receive json from player 0
15:38:33 :: INFO :: question : select position
15:38:33 :: INFO :: answer : 6
15:38:33 :: INFO :: new position : blue-6-suspect
15:38:33 :: INFO :: --
inspector plays
--
15:38:33 :: DEBUG :: {
    "position_carlotta": 4,
    "exit": 22,
    "num_tour": 1,
    "shadow": 3,
    "blocked": [
        8,
        4
    ],
    "characters": [
        {
            "color": "brown",
            "suspect": true,
            "position": 7,
            "power": false
        },
        {
            "color": "purple",
            "suspect": true,
            "position": 0,
            "power": true
        },
        {
            "color": "black",
            "suspect": true,
            "position": 1,
            "power": true
        },
        {
            "color": "white",
            "suspect": true,
            "position": 4,
            "power": true
        },
        {
            "color": "pink",
            "suspect": true,
            "position": 6,
            "power": true
        },
        {
            "color": "blue",
            "suspect": true,
            "position": 6,
            "power": false
        },
        {
            "color": "red",
            "suspect": true,
            "position": 2,
            "power": true
        },
        {
            "color": "grey",
            "suspect": true,
            "position": 7,
            "power": true
        }
    ],
    "active tiles": [
        {
            "color": "red",
            "suspect": true,
            "position": 2,
            "power": true
        },
        {
            "color": "white",
            "suspect": true,
            "position": 4,
            "power": true
        }
    ]
}
15:38:33 :: DEBUG :: send json to player 0
15:38:33 :: DEBUG :: receive json from player 0
15:38:33 :: INFO :: question : select character
15:38:33 :: INFO :: answer : white-4-suspect
15:38:33 :: DEBUG :: send json to player 0
15:38:33 :: DEBUG :: receive json from player 0
15:38:33 :: INFO :: question : select position
15:38:33 :: INFO :: answer : 5
15:38:33 :: INFO :: new position : white-5-suspect
15:38:33 :: DEBUG :: send json to player 0
15:38:33 :: DEBUG :: receive json from player 0
15:38:33 :: INFO :: question : activate white power
15:38:33 :: INFO :: answer  : yes
15:38:33 :: INFO :: white power activated
15:38:33 :: INFO :: --
fantom plays
--
15:38:33 :: DEBUG :: {
    "position_carlotta": 4,
    "exit": 22,
    "num_tour": 1,
    "shadow": 3,
    "blocked": [
        8,
        4
    ],
    "characters": [
        {
            "color": "brown",
            "suspect": true,
            "position": 7,
            "power": false
        },
        {
            "color": "purple",
            "suspect": true,
            "position": 0,
            "power": true
        },
        {
            "color": "black",
            "suspect": true,
            "position": 1,
            "power": true
        },
        {
            "color": "white",
            "suspect": true,
            "position": 5,
            "power": false
        },
        {
            "color": "pink",
            "suspect": true,
            "position": 6,
            "power": true
        },
        {
            "color": "blue",
            "suspect": true,
            "position": 6,
            "power": false
        },
        {
            "color": "red",
            "suspect": true,
            "position": 2,
            "power": true
        },
        {
            "color": "grey",
            "suspect": true,
            "position": 7,
            "power": true
        }
    ],
    "active tiles": [
        {
            "color": "red",
            "suspect": true,
            "position": 2,
            "power": true
        }
    ]
}
15:38:33 :: DEBUG :: send json to player 1
15:38:33 :: DEBUG :: receive json from player 1
15:38:34 :: INFO :: question : select character
15:38:34 :: INFO :: answer : red-2-suspect
15:38:34 :: DEBUG :: send json to player 1
15:38:34 :: DEBUG :: receive json from player 1
15:38:34 :: INFO :: question : activate red power
15:38:34 :: INFO :: answer  : yes
15:38:34 :: INFO :: red power activated
15:38:34 :: INFO :: grey-7-suspect was drawn
15:38:34 :: DEBUG :: send json to player 1
15:38:34 :: DEBUG :: receive json from player 1
15:38:34 :: INFO :: question : select position
15:38:34 :: INFO :: answer : 1
15:38:34 :: INFO :: new position : red-1-suspect
15:38:34 :: INFO :: the fantom does not scream.
15:38:34 :: INFO :: 
------------------
15:38:34 :: INFO :: Tour: 2,
Position Carlotta / exit: 10/22,
Shadow: 3,
blocked: {8, 4}
brown-7-suspect
purple-0-clean
black-1-suspect
white-5-clean
pink-6-suspect
blue-6-suspect
red-1-suspect
grey-7-suspect
15:38:34 :: DEBUG :: {
    "position_carlotta": 10,
    "exit": 22,
    "num_tour": 2,
    "shadow": 3,
    "blocked": [
        8,
        4
    ],
    "characters": [
        {
            "color": "brown",
            "suspect": true,
            "position": 7,
            "power": true
        },
        {
            "color": "purple",
            "suspect": false,
            "position": 0,
            "power": true
        },
        {
            "color": "black",
            "suspect": true,
            "position": 1,
            "power": true
        },
        {
            "color": "white",
            "suspect": false,
            "position": 5,
            "power": true
        },
        {
            "color": "pink",
            "suspect": true,
            "position": 6,
            "power": true
        },
        {
            "color": "blue",
            "suspect": true,
            "position": 6,
            "power": true
        },
        {
            "color": "red",
            "suspect": true,
            "position": 1,
            "power": true
        },
        {
            "color": "grey",
            "suspect": true,
            "position": 7,
            "power": true
        }
    ],
    "active tiles": []
}
15:38:34 :: INFO :: --
inspector plays
--
15:38:34 :: DEBUG :: {
    "position_carlotta": 10,
    "exit": 22,
    "num_tour": 2,
    "shadow": 3,
    "blocked": [
        8,
        4
    ],
    "characters": [
        {
            "color": "brown",
            "suspect": true,
            "position": 7,
            "power": true
        },
        {
            "color": "purple",
            "suspect": false,
            "position": 0,
            "power": true
        },
        {
            "color": "black",
            "suspect": true,
            "position": 1,
            "power": true
        },
        {
            "color": "white",
            "suspect": false,
            "position": 5,
            "power": true
        },
        {
            "color": "pink",
            "suspect": true,
            "position": 6,
            "power": true
        },
        {
            "color": "blue",
            "suspect": true,
            "position": 6,
            "power": true
        },
        {
            "color": "red",
            "suspect": true,
            "position": 1,
            "power": true
        },
        {
            "color": "grey",
            "suspect": true,
            "position": 7,
            "power": true
        }
    ],
    "active tiles": [
        {
            "color": "grey",
            "suspect": true,
            "position": 7,
            "power": true
        },
        {
            "color": "purple",
            "suspect": false,
            "position": 0,
            "power": true
        },
        {
            "color": "pink",
            "suspect": true,
            "position": 6,
            "power": true
        },
        {
            "color": "black",
            "suspect": true,
            "position": 1,
            "power": true
        }
    ]
}
15:38:34 :: DEBUG :: send json to player 0
15:38:34 :: DEBUG :: receive json from player 0
15:38:34 :: INFO :: question : select character
15:38:34 :: INFO :: answer : purple-0-clean
15:38:34 :: DEBUG :: send json to player 0
15:38:34 :: DEBUG :: receive json from player 0
15:38:34 :: INFO :: question : activate purple power
15:38:34 :: INFO :: answer  : yes
15:38:34 :: INFO :: purple power activated
15:38:34 :: DEBUG :: send json to player 0
15:38:34 :: DEBUG :: receive json from player 0
15:38:34 :: INFO :: question : purple character power
15:38:34 :: INFO :: answer : grey
15:38:34 :: INFO :: new position : purple-7-clean
15:38:34 :: INFO :: new position : grey-0-suspect
15:38:34 :: INFO :: --
fantom plays
--
15:38:34 :: DEBUG :: {
    "position_carlotta": 10,
    "exit": 22,
    "num_tour": 2,
    "shadow": 3,
    "blocked": [
        8,
        4
    ],
    "characters": [
        {
            "color": "brown",
            "suspect": true,
            "position": 7,
            "power": true
        },
        {
            "color": "purple",
            "suspect": false,
            "position": 7,
            "power": false
        },
        {
            "color": "black",
            "suspect": true,
            "position": 1,
            "power": true
        },
        {
            "color": "white",
            "suspect": false,
            "position": 5,
            "power": true
        },
        {
            "color": "pink",
            "suspect": true,
            "position": 6,
            "power": true
        },
        {
            "color": "blue",
            "suspect": true,
            "position": 6,
            "power": true
        },
        {
            "color": "red",
            "suspect": true,
            "position": 1,
            "power": true
        },
        {
            "color": "grey",
            "suspect": true,
            "position": 0,
            "power": true
        }
    ],
    "active tiles": [
        {
            "color": "grey",
            "suspect": true,
            "position": 0,
            "power": true
        },
        {
            "color": "pink",
            "suspect": true,
            "position": 6,
            "power": true
        },
        {
            "color": "black",
            "suspect": true,
            "position": 1,
            "power": true
        }
    ]
}
15:38:34 :: DEBUG :: send json to player 1
15:38:34 :: DEBUG :: receive json from player 1
15:38:34 :: INFO :: question : select character
15:38:34 :: INFO :: answer : black-1-suspect
15:38:34 :: DEBUG :: send json to player 1
15:38:34 :: DEBUG :: receive json from player 1
15:38:34 :: INFO :: question : select position
15:38:34 :: INFO :: answer : 0
15:38:34 :: INFO :: new position : black-0-suspect
15:38:34 :: DEBUG :: send json to player 1
15:38:34 :: DEBUG :: receive json from player 1
15:38:34 :: INFO :: question : activate black power
15:38:34 :: INFO :: answer  : yes
15:38:34 :: INFO :: black power activated
15:38:34 :: INFO :: new position : red-0-suspect
15:38:34 :: INFO :: --
fantom plays
--
15:38:34 :: DEBUG :: {
    "position_carlotta": 10,
    "exit": 22,
    "num_tour": 2,
    "shadow": 3,
    "blocked": [
        8,
        4
    ],
    "characters": [
        {
            "color": "brown",
            "suspect": true,
            "position": 7,
            "power": true
        },
        {
            "color": "purple",
            "suspect": false,
            "position": 7,
            "power": false
        },
        {
            "color": "black",
            "suspect": true,
            "position": 0,
            "power": false
        },
        {
            "color": "white",
            "suspect": false,
            "position": 5,
            "power": true
        },
        {
            "color": "pink",
            "suspect": true,
            "position": 6,
            "power": true
        },
        {
            "color": "blue",
            "suspect": true,
            "position": 6,
            "power": true
        },
        {
            "color": "red",
            "suspect": true,
            "position": 0,
            "power": true
        },
        {
            "color": "grey",
            "suspect": true,
            "position": 0,
            "power": true
        }
    ],
    "active tiles": [
        {
            "color": "grey",
            "suspect": true,
            "position": 0,
            "power": true
        },
        {
            "color": "pink",
            "suspect": true,
            "position": 6,
            "power": true
        }
    ]
}
15:38:34 :: DEBUG :: send json to player 1
15:38:34 :: DEBUG :: receive json from player 1
15:38:34 :: INFO :: question : select character
15:38:34 :: INFO :: answer : pink-6-suspect
15:38:34 :: DEBUG :: send json to player 1
15:38:34 :: DEBUG :: receive json from player 1
15:38:34 :: INFO :: question : select position
15:38:34 :: INFO :: answer : 9
15:38:34 :: INFO :: new position : pink-9-suspect
15:38:34 :: INFO :: --
inspector plays
--
15:38:34 :: DEBUG :: {
    "position_carlotta": 10,
    "exit": 22,
    "num_tour": 2,
    "shadow": 3,
    "blocked": [
        8,
        4
    ],
    "characters": [
        {
            "color": "brown",
            "suspect": true,
            "position": 7,
            "power": true
        },
        {
            "color": "purple",
            "suspect": false,
            "position": 7,
            "power": false
        },
        {
            "color": "black",
            "suspect": true,
            "position": 0,
            "power": false
        },
        {
            "color": "white",
            "suspect": false,
            "position": 5,
            "power": true
        },
        {
            "color": "pink",
            "suspect": true,
            "position": 9,
            "power": true
        },
        {
            "color": "blue",
            "suspect": true,
            "position": 6,
            "power": true
        },
        {
            "color": "red",
            "suspect": true,
            "position": 0,
            "power": true
        },
        {
            "color": "grey",
            "suspect": true,
            "position": 0,
            "power": true
        }
    ],
    "active tiles": [
        {
            "color": "grey",
            "suspect": true,
            "position": 0,
            "power": true
        }
    ]
}
15:38:34 :: DEBUG :: send json to player 0
15:38:34 :: DEBUG :: receive json from player 0
15:38:34 :: INFO :: question : select character
15:38:34 :: INFO :: answer : grey-0-suspect
15:38:34 :: DEBUG :: send json to player 0
15:38:34 :: DEBUG :: receive json from player 0
15:38:34 :: INFO :: question : activate grey power
15:38:34 :: INFO :: answer  : no
15:38:34 :: DEBUG :: send json to player 0
15:38:34 :: DEBUG :: receive json from player 0
15:38:35 :: INFO :: question : select position
15:38:35 :: INFO :: answer : 1
15:38:35 :: INFO :: new position : grey-1-suspect
15:38:35 :: DEBUG :: send json to player 0
15:38:35 :: DEBUG :: receive json from player 0
15:38:35 :: INFO :: question : activate grey power
15:38:35 :: INFO :: answer  : yes
15:38:35 :: INFO :: grey power activated
15:38:35 :: DEBUG :: send json to player 0
15:38:35 :: DEBUG :: receive json from player 0
15:38:35 :: INFO :: question : grey character power
15:38:35 :: INFO :: answer : 6
15:38:35 :: INFO :: The fantom screams.
15:38:35 :: INFO :: 
------------------
15:38:35 :: INFO :: Tour: 3,
Position Carlotta / exit: 14/22,
Shadow: 6,
blocked: {8, 4}
brown-7-clean
purple-7-clean
black-0-clean
white-5-clean
pink-9-suspect
blue-6-suspect
red-0-clean
grey-1-suspect
15:38:35 :: DEBUG :: {
    "position_carlotta": 14,
    "exit": 22,
    "num_tour": 3,
    "shadow": 6,
    "blocked": [
        8,
        4
    ],
    "characters": [
        {
            "color": "brown",
            "suspect": false,
            "position": 7,
            "power": true
        },
        {
            "color": "purple",
            "suspect": false,
            "position": 7,
            "power": true
        },
        {
            "color": "black",
            "suspect": false,
            "position": 0,
            "power": true
        },
        {
            "color": "white",
            "suspect": false,
            "position": 5,
            "power": true
        },
        {
            "color": "pink",
            "suspect": true,
            "position": 9,
            "power": true
        },
        {
            "color": "blue",
            "suspect": true,
            "position": 6,
            "power": true
        },
        {
            "color": "red",
            "suspect": false,
            "position": 0,
            "power": true
        },
        {
            "color": "grey",
            "suspect": true,
            "position": 1,
            "power": true
        }
    ],
    "active tiles": []
}
15:38:35 :: INFO :: -
shuffle 8 tiles
-
15:38:35 :: INFO :: --
fantom plays
--
15:38:35 :: DEBUG :: {
    "position_carlotta": 14,
    "exit": 22,
    "num_tour": 3,
    "shadow": 6,
    "blocked": [
        8,
        4
    ],
    "characters": [
        {
            "color": "brown",
            "suspect": false,
            "position": 7,
            "power": true
        },
        {
            "color": "purple",
            "suspect": false,
            "position": 7,
            "power": true
        },
        {
            "color": "black",
            "suspect": false,
            "position": 0,
            "power": true
        },
        {
            "color": "white",
            "suspect": false,
            "position": 5,
            "power": true
        },
        {
            "color": "pink",
            "suspect": true,
            "position": 9,
            "power": true
        },
        {
            "color": "blue",
            "suspect": true,
            "position": 6,
            "power": true
        },
        {
            "color": "red",
            "suspect": false,
            "position": 0,
            "power": true
        },
        {
            "color": "grey",
            "suspect": true,
            "position": 1,
            "power": true
        }
    ],
    "active tiles": [
        {
            "color": "black",
            "suspect": false,
            "position": 0,
            "power": true
        },
        {
            "color": "brown",
            "suspect": false,
            "position": 7,
            "power": true
        },
        {
            "color": "pink",
            "suspect": true,
            "position": 9,
            "power": true
        },
        {
            "color": "red",
            "suspect": false,
            "position": 0,
            "power": true
        }
    ]
}
15:38:35 :: DEBUG :: send json to player 1
15:38:35 :: DEBUG :: receive json from player 1
15:38:35 :: INFO :: question : select character
15:38:35 :: INFO :: answer : black-0-clean
15:38:35 :: DEBUG :: send json to player 1
15:38:35 :: DEBUG :: receive json from player 1
15:38:35 :: INFO :: question : select position
15:38:35 :: INFO :: answer : 4
15:38:35 :: INFO :: new position : black-4-clean
15:38:35 :: DEBUG :: send json to player 1
15:38:35 :: DEBUG :: receive json from player 1
15:38:35 :: INFO :: question : activate black power
15:38:35 :: INFO :: answer  : yes
15:38:35 :: INFO :: black power activated
15:38:35 :: INFO :: new position : white-4-clean
15:38:35 :: INFO :: new position : red-4-clean
15:38:35 :: INFO :: --
inspector plays
--
15:38:35 :: DEBUG :: {
    "position_carlotta": 14,
    "exit": 22,
    "num_tour": 3,
    "shadow": 6,
    "blocked": [
        8,
        4
    ],
    "characters": [
        {
            "color": "brown",
            "suspect": false,
            "position": 7,
            "power": true
        },
        {
            "color": "purple",
            "suspect": false,
            "position": 7,
            "power": true
        },
        {
            "color": "black",
            "suspect": false,
            "position": 4,
            "power": false
        },
        {
            "color": "white",
            "suspect": false,
            "position": 4,
            "power": true
        },
        {
            "color": "pink",
            "suspect": true,
            "position": 9,
            "power": true
        },
        {
            "color": "blue",
            "suspect": true,
            "position": 6,
            "power": true
        },
        {
            "color": "red",
            "suspect": false,
            "position": 4,
            "power": true
        },
        {
            "color": "grey",
            "suspect": true,
            "position": 1,
            "power": true
        }
    ],
    "active tiles": [
        {
            "color": "brown",
            "suspect": false,
            "position": 7,
            "power": true
        },
        {
            "color": "pink",
            "suspect": true,
            "position": 9,
            "power": true
        },
        {
            "color": "red",
            "suspect": false,
            "position": 4,
            "power": true
        }
    ]
}
15:38:35 :: DEBUG :: send json to player 0
15:38:35 :: DEBUG :: receive json from player 0
15:38:35 :: INFO :: question : select character
15:38:35 :: INFO :: answer : red-4-clean
15:38:35 :: DEBUG :: send json to player 0
15:38:35 :: DEBUG :: receive json from player 0
15:38:35 :: INFO :: question : activate red power
15:38:35 :: INFO :: answer  : yes
15:38:35 :: INFO :: red power activated
15:38:35 :: INFO :: black-4-clean was drawn
15:38:35 :: DEBUG :: send json to player 0
15:38:35 :: DEBUG :: receive json from player 0
15:38:35 :: INFO :: question : select position
15:38:35 :: INFO :: answer : 0
15:38:35 :: INFO :: new position : red-0-clean
15:38:35 :: INFO :: --
inspector plays
--
15:38:35 :: DEBUG :: {
    "position_carlotta": 14,
    "exit": 22,
    "num_tour": 3,
    "shadow": 6,
    "blocked": [
        8,
        4
    ],
    "characters": [
        {
            "color": "brown",
            "suspect": false,
            "position": 7,
            "power": true
        },
        {
            "color": "purple",
            "suspect": false,
            "position": 7,
            "power": true
        },
        {
            "color": "black",
            "suspect": false,
            "position": 4,
            "power": false
        },
        {
            "color": "white",
            "suspect": false,
            "position": 4,
            "power": true
        },
        {
            "color": "pink",
            "suspect": true,
            "position": 9,
            "power": true
        },
        {
            "color": "blue",
            "suspect": true,
            "position": 6,
            "power": true
        },
        {
            "color": "red",
            "suspect": false,
            "position": 0,
            "power": false
        },
        {
            "color": "grey",
            "suspect": true,
            "position": 1,
            "power": true
        }
    ],
    "active tiles": [
        {
            "color": "brown",
            "suspect": false,
            "position": 7,
            "power": true
        },
        {
            "color": "pink",
            "suspect": true,
            "position": 9,
            "power": true
        }
    ]
}
15:38:35 :: DEBUG :: send json to player 0
15:38:35 :: DEBUG :: receive json from player 0
15:38:35 :: INFO :: question : select character
15:38:35 :: INFO :: answer : pink-9-suspect
15:38:35 :: DEBUG :: send json to player 0
15:38:35 :: DEBUG :: receive json from player 0
15:38:35 :: INFO :: question : select position
15:38:35 :: INFO :: answer : 4
15:38:35 :: INFO :: new position : pink-4-suspect
15:38:35 :: INFO :: --
fantom plays
--
15:38:35 :: DEBUG :: {
    "position_carlotta": 14,
    "exit": 22,
    "num_tour": 3,
    "shadow": 6,
    "blocked": [
        8,
        4
    ],
    "characters": [
        {
            "color": "brown",
            "suspect": false,
            "position": 7,
            "power": true
        },
        {
            "color": "purple",
            "suspect": false,
            "position": 7,
            "power": true
        },
        {
            "color": "black",
            "suspect": false,
            "position": 4,
            "power": false
        },
        {
            "color": "white",
            "suspect": false,
            "position": 4,
            "power": true
        },
        {
            "color": "pink",
            "suspect": true,
            "position": 4,
            "power": true
        },
        {
            "color": "blue",
            "suspect": true,
            "position": 6,
            "power": true
        },
        {
            "color": "red",
            "suspect": false,
            "position": 0,
            "power": false
        },
        {
            "color": "grey",
            "suspect": true,
            "position": 1,
            "power": true
        }
    ],
    "active tiles": [
        {
            "color": "brown",
            "suspect": false,
            "position": 7,
            "power": true
        }
    ]
}
15:38:35 :: DEBUG :: send json to player 1
15:38:35 :: DEBUG :: receive json from player 1
15:38:35 :: INFO :: question : select character
15:38:35 :: INFO :: answer : brown-7-clean
15:38:35 :: DEBUG :: send json to player 1
15:38:35 :: DEBUG :: receive json from player 1
15:38:35 :: INFO :: question : activate brown power
15:38:35 :: INFO :: answer  : no
15:38:35 :: DEBUG :: send json to player 1
15:38:35 :: DEBUG :: receive json from player 1
15:38:36 :: INFO :: question : select position
15:38:36 :: INFO :: answer : 3
15:38:36 :: INFO :: new position : brown-3-clean
15:38:36 :: INFO :: the fantom does not scream.
15:38:36 :: INFO :: ----------
---- inspector wins : fantom is pink-4-suspect
15:38:36 :: INFO :: ---- final position of Carlotta : 15
15:38:36 :: INFO :: ---- exit : 22
15:38:36 :: INFO :: ---- final score : 7
----------
