17:48:54 :: INFO :: the fantom is white
17:48:54 :: INFO :: 
=======
new game
=======
17:48:54 :: INFO :: shuffle 8 tiles
17:48:54 :: INFO :: shuffle 10 cards
17:49:22 :: INFO :: 
------------------
17:49:22 :: INFO :: Tour: 1,
Position Carlotta / exit: 4/22,
Shadow: 2,
blocked: {0, 1}
purple-4-suspect
blue-2-suspect
pink-1-suspect
black-5-suspect
brown-6-suspect
white-3-suspect
grey-0-suspect
red-7-suspect
17:49:22 :: DEBUG :: {
    "position_carlotta": 4,
    "exit": 22,
    "num_tour": 1,
    "shadow": 2,
    "blocked": [
        0,
        1
    ],
    "characters": [
        {
            "color": "purple",
            "suspect": true,
            "position": 4,
            "power": true
        },
        {
            "color": "blue",
            "suspect": true,
            "position": 2,
            "power": true
        },
        {
            "color": "pink",
            "suspect": true,
            "position": 1,
            "power": true
        },
        {
            "color": "black",
            "suspect": true,
            "position": 5,
            "power": true
        },
        {
            "color": "brown",
            "suspect": true,
            "position": 6,
            "power": true
        },
        {
            "color": "white",
            "suspect": true,
            "position": 3,
            "power": true
        },
        {
            "color": "grey",
            "suspect": true,
            "position": 0,
            "power": true
        },
        {
            "color": "red",
            "suspect": true,
            "position": 7,
            "power": true
        }
    ],
    "tiles": [
        {
            "color": "grey",
            "suspect": true,
            "position": 0,
            "power": true
        },
        {
            "color": "pink",
            "suspect": true,
            "position": 1,
            "power": true
        },
        {
            "color": "blue",
            "suspect": true,
            "position": 2,
            "power": true
        },
        {
            "color": "white",
            "suspect": true,
            "position": 3,
            "power": true
        },
        {
            "color": "purple",
            "suspect": true,
            "position": 4,
            "power": true
        },
        {
            "color": "black",
            "suspect": true,
            "position": 5,
            "power": true
        },
        {
            "color": "brown",
            "suspect": true,
            "position": 6,
            "power": true
        },
        {
            "color": "red",
            "suspect": true,
            "position": 7,
            "power": true
        }
    ]
}
17:49:22 :: INFO :: -
shuffle 8 tiles
-
17:49:22 :: INFO :: --
fantom plays
--
17:49:22 :: INFO :: question : select character
17:49:22 :: INFO :: answer : purple-4-suspect
17:49:22 :: INFO :: question : activate purple power
17:49:22 :: INFO :: answer  : no
17:49:22 :: INFO :: question : select position
17:49:22 :: INFO :: answer : 0
17:49:22 :: INFO :: new position : purple-0-suspect
17:49:22 :: INFO :: --
inspector plays
--
17:49:22 :: DEBUG :: |
|
17:49:22 :: DEBUG :: inspector answers
17:49:22 :: DEBUG :: question type ----- select character
17:49:22 :: DEBUG :: data -------------- [{'color': 'grey', 'suspect': True, 'position': 0, 'power': True}, {'color': 'black', 'suspect': True, 'position': 5, 'power': True}, {'color': 'red', 'suspect': True, 'position': 7, 'power': True}]
17:49:22 :: DEBUG :: response index ---- 1
17:49:22 :: DEBUG :: response ---------- {'color': 'black', 'suspect': True, 'position': 5, 'power': True}
17:49:22 :: INFO :: question : select character
17:49:22 :: INFO :: answer : black-5-suspect
17:49:22 :: DEBUG :: |
|
17:49:22 :: DEBUG :: inspector answers
17:49:22 :: DEBUG :: question type ----- select position
17:49:22 :: DEBUG :: data -------------- [4, 6]
17:49:22 :: DEBUG :: response index ---- 1
17:49:22 :: DEBUG :: response ---------- 6
17:49:22 :: INFO :: question : select position
17:49:22 :: INFO :: answer : 6
17:49:22 :: INFO :: new position : black-6-suspect
17:49:22 :: DEBUG :: |
|
17:49:22 :: DEBUG :: inspector answers
17:49:22 :: DEBUG :: question type ----- activate black power
17:49:22 :: DEBUG :: data -------------- [0, 1]
17:49:22 :: DEBUG :: response index ---- 0
17:49:22 :: DEBUG :: response ---------- 0
17:49:22 :: INFO :: question : activate black power
17:49:22 :: INFO :: answer  : no
17:49:22 :: INFO :: --
inspector plays
--
17:49:22 :: DEBUG :: |
|
17:49:22 :: DEBUG :: inspector answers
17:49:22 :: DEBUG :: question type ----- select character
17:49:22 :: DEBUG :: data -------------- [{'color': 'grey', 'suspect': True, 'position': 0, 'power': True}, {'color': 'red', 'suspect': True, 'position': 7, 'power': True}]
17:49:22 :: DEBUG :: response index ---- 0
17:49:22 :: DEBUG :: response ---------- {'color': 'grey', 'suspect': True, 'position': 0, 'power': True}
17:49:22 :: INFO :: question : select character
17:49:22 :: INFO :: answer : grey-0-suspect
17:49:22 :: DEBUG :: |
|
17:49:22 :: DEBUG :: inspector answers
17:49:22 :: DEBUG :: question type ----- activate grey power
17:49:22 :: DEBUG :: data -------------- [0, 1]
17:49:22 :: DEBUG :: response index ---- 0
17:49:22 :: DEBUG :: response ---------- 0
17:49:22 :: INFO :: question : activate grey power
17:49:22 :: INFO :: answer  : no
17:49:22 :: DEBUG :: |
|
17:49:22 :: DEBUG :: inspector answers
17:49:22 :: DEBUG :: question type ----- select position
17:49:22 :: DEBUG :: data -------------- [4]
17:49:22 :: DEBUG :: response index ---- 0
17:49:22 :: DEBUG :: response ---------- 4
17:49:22 :: INFO :: question : select position
17:49:22 :: INFO :: answer : 4
17:49:22 :: INFO :: new position : grey-4-suspect
17:49:22 :: DEBUG :: |
|
17:49:22 :: DEBUG :: inspector answers
17:49:22 :: DEBUG :: question type ----- activate grey power
17:49:22 :: DEBUG :: data -------------- [0, 1]
17:49:22 :: DEBUG :: response index ---- 0
17:49:22 :: DEBUG :: response ---------- 0
17:49:22 :: INFO :: question : activate grey power
17:49:22 :: INFO :: answer  : no
17:49:22 :: INFO :: --
fantom plays
--
17:49:22 :: INFO :: question : select character
17:49:22 :: INFO :: answer : red-7-suspect
17:49:22 :: INFO :: question : activate red power
17:49:22 :: INFO :: answer  : no
17:49:22 :: INFO :: question : select position
17:49:22 :: INFO :: answer : 9
17:49:22 :: INFO :: new position : red-9-suspect
17:49:22 :: INFO :: question : activate red power
17:49:22 :: INFO :: answer  : no
17:49:22 :: INFO :: The fantom screams.
17:49:22 :: INFO :: 
------------------
17:49:22 :: INFO :: Tour: 2,
Position Carlotta / exit: 11/22,
Shadow: 2,
blocked: {0, 1}
purple-0-suspect
blue-2-suspect
pink-1-suspect
black-6-clean
brown-6-clean
white-3-suspect
grey-4-suspect
red-9-suspect
17:49:22 :: DEBUG :: {
    "position_carlotta": 11,
    "exit": 22,
    "num_tour": 2,
    "shadow": 2,
    "blocked": [
        0,
        1
    ],
    "characters": [
        {
            "color": "purple",
            "suspect": true,
            "position": 0,
            "power": true
        },
        {
            "color": "blue",
            "suspect": true,
            "position": 2,
            "power": true
        },
        {
            "color": "pink",
            "suspect": true,
            "position": 1,
            "power": true
        },
        {
            "color": "black",
            "suspect": false,
            "position": 6,
            "power": true
        },
        {
            "color": "brown",
            "suspect": false,
            "position": 6,
            "power": true
        },
        {
            "color": "white",
            "suspect": true,
            "position": 3,
            "power": true
        },
        {
            "color": "grey",
            "suspect": true,
            "position": 4,
            "power": true
        },
        {
            "color": "red",
            "suspect": true,
            "position": 9,
            "power": true
        }
    ],
    "tiles": [
        {
            "color": "purple",
            "suspect": true,
            "position": 0,
            "power": true
        },
        {
            "color": "grey",
            "suspect": true,
            "position": 4,
            "power": true
        },
        {
            "color": "black",
            "suspect": false,
            "position": 6,
            "power": true
        },
        {
            "color": "red",
            "suspect": true,
            "position": 9,
            "power": true
        },
        {
            "color": "white",
            "suspect": true,
            "position": 3,
            "power": true
        },
        {
            "color": "brown",
            "suspect": false,
            "position": 6,
            "power": true
        },
        {
            "color": "blue",
            "suspect": true,
            "position": 2,
            "power": true
        },
        {
            "color": "pink",
            "suspect": true,
            "position": 1,
            "power": true
        }
    ]
}
17:49:22 :: INFO :: --
inspector plays
--
17:49:22 :: DEBUG :: |
|
17:49:22 :: DEBUG :: inspector answers
17:49:22 :: DEBUG :: question type ----- select character
17:49:22 :: DEBUG :: data -------------- [{'color': 'white', 'suspect': True, 'position': 3, 'power': True}, {'color': 'brown', 'suspect': False, 'position': 6, 'power': True}, {'color': 'blue', 'suspect': True, 'position': 2, 'power': True}, {'color': 'pink', 'suspect': True, 'position': 1, 'power': True}]
17:49:22 :: DEBUG :: response index ---- 3
17:49:22 :: DEBUG :: response ---------- {'color': 'pink', 'suspect': True, 'position': 1, 'power': True}
17:49:22 :: INFO :: question : select character
17:49:22 :: INFO :: answer : pink-1-suspect
17:49:22 :: DEBUG :: |
|
17:49:22 :: DEBUG :: inspector answers
17:49:22 :: DEBUG :: question type ----- select position
17:49:22 :: DEBUG :: data -------------- [2, 5, 7]
17:49:22 :: DEBUG :: response index ---- 2
17:49:22 :: DEBUG :: response ---------- 7
17:49:22 :: INFO :: question : select position
17:49:22 :: INFO :: answer : 7
17:49:22 :: INFO :: new position : pink-7-suspect
17:49:22 :: INFO :: --
inspector plays
--
17:49:22 :: INFO :: question : select character
17:49:22 :: INFO :: answer : white-3-suspect
17:49:22 :: INFO :: question : select position
17:49:22 :: INFO :: answer : 2
17:49:22 :: INFO :: new position : white-2-suspect
17:49:22 :: INFO :: question : activate white power
17:49:22 :: INFO :: answer  : no
17:49:22 :: INFO :: --
inspector plays
--
17:49:22 :: INFO :: question : select character
17:49:22 :: INFO :: answer : brown-6-clean
17:49:22 :: INFO :: question : activate brown power
17:49:22 :: INFO :: answer  : no
17:49:22 :: INFO :: question : select position
17:49:22 :: INFO :: answer : 5
17:49:22 :: INFO :: new position : brown-5-clean
17:49:22 :: INFO :: --
inspector plays
--
17:49:22 :: DEBUG :: |
|
17:49:22 :: DEBUG :: inspector answers
17:49:22 :: DEBUG :: question type ----- select character
17:49:22 :: DEBUG :: data -------------- [{'color': 'blue', 'suspect': True, 'position': 2, 'power': True}]
17:49:22 :: DEBUG :: response index ---- 0
17:49:22 :: DEBUG :: response ---------- {'color': 'blue', 'suspect': True, 'position': 2, 'power': True}
17:49:22 :: INFO :: question : select character
17:49:22 :: INFO :: answer : blue-2-suspect
17:49:22 :: DEBUG :: |
|
17:49:22 :: DEBUG :: inspector answers
17:49:22 :: DEBUG :: question type ----- activate blue power
17:49:22 :: DEBUG :: data -------------- [0, 1]
17:49:22 :: DEBUG :: response index ---- 0
17:49:22 :: DEBUG :: response ---------- 0
17:49:22 :: INFO :: question : activate blue power
17:49:22 :: INFO :: answer  : no
17:49:22 :: DEBUG :: |
|
17:49:22 :: DEBUG :: inspector answers
17:49:22 :: DEBUG :: question type ----- select position
17:49:22 :: DEBUG :: data -------------- [1, 3]
17:49:22 :: DEBUG :: response index ---- 0
17:49:22 :: DEBUG :: response ---------- 1
17:49:22 :: INFO :: question : select position
17:49:22 :: INFO :: answer : 1
17:49:22 :: INFO :: new position : blue-1-suspect
17:49:22 :: DEBUG :: |
|
17:49:22 :: DEBUG :: inspector answers
17:49:22 :: DEBUG :: question type ----- activate blue power
17:49:22 :: DEBUG :: data -------------- [0, 1]
17:49:22 :: DEBUG :: response index ---- 0
17:49:22 :: DEBUG :: response ---------- 0
17:49:22 :: INFO :: question : activate blue power
17:49:22 :: INFO :: answer  : no
17:49:22 :: INFO :: The fantom screams.
17:49:22 :: INFO :: 
------------------
17:49:22 :: INFO :: Tour: 3,
Position Carlotta / exit: 18/22,
Shadow: 2,
blocked: {0, 1}
purple-0-suspect
blue-1-suspect
pink-7-suspect
black-6-clean
brown-5-clean
white-2-suspect
grey-4-suspect
red-9-suspect
17:49:22 :: DEBUG :: {
    "position_carlotta": 18,
    "exit": 22,
    "num_tour": 3,
    "shadow": 2,
    "blocked": [
        0,
        1
    ],
    "characters": [
        {
            "color": "purple",
            "suspect": true,
            "position": 0,
            "power": true
        },
        {
            "color": "blue",
            "suspect": true,
            "position": 1,
            "power": true
        },
        {
            "color": "pink",
            "suspect": true,
            "position": 7,
            "power": true
        },
        {
            "color": "black",
            "suspect": false,
            "position": 6,
            "power": true
        },
        {
            "color": "brown",
            "suspect": false,
            "position": 5,
            "power": true
        },
        {
            "color": "white",
            "suspect": true,
            "position": 2,
            "power": true
        },
        {
            "color": "grey",
            "suspect": true,
            "position": 4,
            "power": true
        },
        {
            "color": "red",
            "suspect": true,
            "position": 9,
            "power": true
        }
    ],
    "tiles": [
        {
            "color": "purple",
            "suspect": true,
            "position": 0,
            "power": true
        },
        {
            "color": "grey",
            "suspect": true,
            "position": 4,
            "power": true
        },
        {
            "color": "black",
            "suspect": false,
            "position": 6,
            "power": true
        },
        {
            "color": "red",
            "suspect": true,
            "position": 9,
            "power": true
        },
        {
            "color": "white",
            "suspect": true,
            "position": 2,
            "power": true
        },
        {
            "color": "brown",
            "suspect": false,
            "position": 5,
            "power": true
        },
        {
            "color": "blue",
            "suspect": true,
            "position": 1,
            "power": true
        },
        {
            "color": "pink",
            "suspect": true,
            "position": 7,
            "power": true
        }
    ]
}
17:49:22 :: INFO :: -
shuffle 8 tiles
-
17:49:22 :: INFO :: --
fantom plays
--
17:49:22 :: INFO :: question : select character
17:49:22 :: INFO :: answer : brown-5-clean
17:49:22 :: INFO :: question : activate brown power
17:49:22 :: INFO :: answer  : no
17:49:22 :: INFO :: question : select position
17:49:22 :: INFO :: answer : 4
17:49:22 :: INFO :: new position : brown-4-clean
17:49:22 :: INFO :: --
inspector plays
--
17:49:22 :: DEBUG :: |
|
17:49:22 :: DEBUG :: inspector answers
17:49:22 :: DEBUG :: question type ----- select character
17:49:22 :: DEBUG :: data -------------- [{'color': 'purple', 'suspect': True, 'position': 0, 'power': True}, {'color': 'red', 'suspect': True, 'position': 9, 'power': True}, {'color': 'grey', 'suspect': True, 'position': 4, 'power': True}]
17:49:22 :: DEBUG :: response index ---- 2
17:49:22 :: DEBUG :: response ---------- {'color': 'grey', 'suspect': True, 'position': 4, 'power': True}
17:49:22 :: INFO :: question : select character
17:49:22 :: INFO :: answer : grey-4-suspect
17:49:22 :: DEBUG :: |
|
17:49:22 :: DEBUG :: inspector answers
17:49:22 :: DEBUG :: question type ----- activate grey power
17:49:22 :: DEBUG :: data -------------- [0, 1]
17:49:22 :: DEBUG :: response index ---- 1
17:49:22 :: DEBUG :: response ---------- 1
17:49:22 :: INFO :: question : activate grey power
17:49:22 :: INFO :: answer  : yes
17:49:22 :: INFO :: grey power activated
17:49:22 :: DEBUG :: |
|
17:49:22 :: DEBUG :: inspector answers
17:49:22 :: DEBUG :: question type ----- grey character power
17:49:22 :: DEBUG :: data -------------- [0, 1, 2, 3, 4, 5, 6, 7, 8, 9]
17:49:22 :: DEBUG :: response index ---- 2
17:49:22 :: DEBUG :: response ---------- 2
17:49:22 :: INFO :: question : grey character power
17:49:22 :: INFO :: answer : 2
17:49:22 :: DEBUG :: |
|
17:49:22 :: DEBUG :: inspector answers
17:49:22 :: DEBUG :: question type ----- select position
17:49:22 :: DEBUG :: data -------------- [0, 8, 5]
17:49:22 :: DEBUG :: response index ---- 1
17:49:22 :: DEBUG :: response ---------- 8
17:49:22 :: INFO :: question : select position
17:49:22 :: INFO :: answer : 8
17:49:22 :: INFO :: new position : grey-8-suspect
17:49:22 :: INFO :: --
inspector plays
--
17:49:22 :: DEBUG :: |
|
17:49:22 :: DEBUG :: inspector answers
17:49:22 :: DEBUG :: question type ----- select character
17:49:22 :: DEBUG :: data -------------- [{'color': 'purple', 'suspect': True, 'position': 0, 'power': True}, {'color': 'red', 'suspect': True, 'position': 9, 'power': True}]
17:49:22 :: DEBUG :: response index ---- 1
17:49:22 :: DEBUG :: response ---------- {'color': 'red', 'suspect': True, 'position': 9, 'power': True}
17:49:22 :: INFO :: question : select character
17:49:22 :: INFO :: answer : red-9-suspect
17:49:22 :: DEBUG :: |
|
17:49:22 :: DEBUG :: inspector answers
17:49:22 :: DEBUG :: question type ----- activate red power
17:49:22 :: DEBUG :: data -------------- [0, 1]
17:49:22 :: DEBUG :: response index ---- 1
17:49:22 :: DEBUG :: response ---------- 1
17:49:22 :: INFO :: question : activate red power
17:49:22 :: INFO :: answer  : yes
17:49:22 :: INFO :: red power activated
17:49:22 :: INFO :: fantom was drawn
17:49:22 :: DEBUG :: |
|
17:49:22 :: DEBUG :: inspector answers
17:49:22 :: DEBUG :: question type ----- select position
17:49:22 :: DEBUG :: data -------------- [8, 7]
17:49:22 :: DEBUG :: response index ---- 1
17:49:22 :: DEBUG :: response ---------- 7
17:49:22 :: INFO :: question : select position
17:49:22 :: INFO :: answer : 7
17:49:22 :: INFO :: new position : red-7-suspect
17:49:22 :: INFO :: --
fantom plays
--
17:49:22 :: INFO :: question : select character
17:49:22 :: INFO :: answer : purple-0-suspect
17:49:22 :: INFO :: question : activate purple power
17:49:22 :: INFO :: answer  : no
17:49:22 :: INFO :: question : select position
17:49:22 :: INFO :: answer : 4
17:49:22 :: INFO :: new position : purple-4-suspect
17:49:22 :: INFO :: The fantom screams.
17:49:22 :: INFO :: 
------------------
17:49:22 :: INFO :: Tour: 4,
Position Carlotta / exit: 21/22,
Shadow: 2,
blocked: {0, 1}
purple-4-clean
blue-1-suspect
pink-7-clean
black-6-clean
brown-4-clean
white-2-suspect
grey-8-suspect
red-7-clean
17:49:22 :: DEBUG :: {
    "position_carlotta": 21,
    "exit": 22,
    "num_tour": 4,
    "shadow": 2,
    "blocked": [
        0,
        1
    ],
    "characters": [
        {
            "color": "purple",
            "suspect": false,
            "position": 4,
            "power": true
        },
        {
            "color": "blue",
            "suspect": true,
            "position": 1,
            "power": true
        },
        {
            "color": "pink",
            "suspect": false,
            "position": 7,
            "power": true
        },
        {
            "color": "black",
            "suspect": false,
            "position": 6,
            "power": true
        },
        {
            "color": "brown",
            "suspect": false,
            "position": 4,
            "power": true
        },
        {
            "color": "white",
            "suspect": true,
            "position": 2,
            "power": true
        },
        {
            "color": "grey",
            "suspect": true,
            "position": 8,
            "power": true
        },
        {
            "color": "red",
            "suspect": false,
            "position": 7,
            "power": true
        }
    ],
    "tiles": [
        {
            "color": "brown",
            "suspect": false,
            "position": 4,
            "power": true
        },
        {
            "color": "purple",
            "suspect": false,
            "position": 4,
            "power": true
        },
        {
            "color": "red",
            "suspect": false,
            "position": 7,
            "power": true
        },
        {
            "color": "grey",
            "suspect": true,
            "position": 8,
            "power": true
        },
        {
            "color": "pink",
            "suspect": false,
            "position": 7,
            "power": true
        },
        {
            "color": "white",
            "suspect": true,
            "position": 2,
            "power": true
        },
        {
            "color": "blue",
            "suspect": true,
            "position": 1,
            "power": true
        },
        {
            "color": "black",
            "suspect": false,
            "position": 6,
            "power": true
        }
    ]
}
17:49:22 :: INFO :: --
inspector plays
--
17:49:22 :: DEBUG :: |
|
17:49:22 :: DEBUG :: inspector answers
17:49:22 :: DEBUG :: question type ----- select character
17:49:22 :: DEBUG :: data -------------- [{'color': 'pink', 'suspect': False, 'position': 7, 'power': True}, {'color': 'white', 'suspect': True, 'position': 2, 'power': True}, {'color': 'blue', 'suspect': True, 'position': 1, 'power': True}, {'color': 'black', 'suspect': False, 'position': 6, 'power': True}]
17:49:22 :: DEBUG :: response index ---- 3
17:49:22 :: DEBUG :: response ---------- {'color': 'black', 'suspect': False, 'position': 6, 'power': True}
17:49:22 :: INFO :: question : select character
17:49:22 :: INFO :: answer : black-6-clean
17:49:22 :: DEBUG :: |
|
17:49:22 :: DEBUG :: inspector answers
17:49:22 :: DEBUG :: question type ----- select position
17:49:22 :: DEBUG :: data -------------- [5, 7]
17:49:22 :: DEBUG :: response index ---- 1
17:49:22 :: DEBUG :: response ---------- 7
17:49:22 :: INFO :: question : select position
17:49:22 :: INFO :: answer : 7
17:49:22 :: INFO :: new position : black-7-clean
17:49:22 :: DEBUG :: |
|
17:49:22 :: DEBUG :: inspector answers
17:49:22 :: DEBUG :: question type ----- activate black power
17:49:22 :: DEBUG :: data -------------- [0, 1]
17:49:22 :: DEBUG :: response index ---- 0
17:49:22 :: DEBUG :: response ---------- 0
17:49:22 :: INFO :: question : activate black power
17:49:22 :: INFO :: answer  : no
17:49:22 :: INFO :: --
inspector plays
--
17:49:22 :: INFO :: question : select character
17:49:22 :: INFO :: answer : pink-7-clean
17:49:22 :: INFO :: question : select position
17:49:22 :: INFO :: answer : 9
17:49:22 :: INFO :: new position : pink-9-clean
17:49:22 :: INFO :: --
inspector plays
--
17:49:22 :: INFO :: question : select character
17:49:22 :: INFO :: answer : white-2-suspect
17:49:22 :: INFO :: question : select position
17:49:22 :: INFO :: answer : 1
17:49:22 :: INFO :: new position : white-1-suspect
17:49:22 :: INFO :: question : activate white power
17:49:22 :: INFO :: answer  : no
17:49:22 :: INFO :: --
inspector plays
--
17:49:22 :: DEBUG :: |
|
17:49:22 :: DEBUG :: inspector answers
17:49:22 :: DEBUG :: question type ----- select character
17:49:22 :: DEBUG :: data -------------- [{'color': 'blue', 'suspect': True, 'position': 1, 'power': True}]
17:49:22 :: DEBUG :: response index ---- 0
17:49:22 :: DEBUG :: response ---------- {'color': 'blue', 'suspect': True, 'position': 1, 'power': True}
17:49:22 :: INFO :: question : select character
17:49:22 :: INFO :: answer : blue-1-suspect
17:49:22 :: DEBUG :: |
|
17:49:22 :: DEBUG :: inspector answers
17:49:22 :: DEBUG :: question type ----- activate blue power
17:49:22 :: DEBUG :: data -------------- [0, 1]
17:49:22 :: DEBUG :: response index ---- 0
17:49:22 :: DEBUG :: response ---------- 0
17:49:22 :: INFO :: question : activate blue power
17:49:22 :: INFO :: answer  : no
17:49:22 :: DEBUG :: |
|
17:49:22 :: DEBUG :: inspector answers
17:49:22 :: DEBUG :: question type ----- select position
17:49:22 :: DEBUG :: data -------------- [2]
17:49:22 :: DEBUG :: response index ---- 0
17:49:22 :: DEBUG :: response ---------- 2
17:49:22 :: INFO :: question : select position
17:49:22 :: INFO :: answer : 2
17:49:22 :: INFO :: new position : blue-2-suspect
17:49:22 :: DEBUG :: |
|
17:49:22 :: DEBUG :: inspector answers
17:49:22 :: DEBUG :: question type ----- activate blue power
17:49:22 :: DEBUG :: data -------------- [0, 1]
17:49:22 :: DEBUG :: response index ---- 1
17:49:22 :: DEBUG :: response ---------- 1
17:49:22 :: INFO :: question : activate blue power
17:49:22 :: INFO :: answer  : yes
17:49:22 :: INFO :: blue power activated
17:49:22 :: DEBUG :: |
|
17:49:22 :: DEBUG :: inspector answers
17:49:22 :: DEBUG :: question type ----- blue character power room
17:49:22 :: DEBUG :: data -------------- [0, 1, 2, 3, 4, 5, 6, 7, 8, 9]
17:49:22 :: DEBUG :: response index ---- 2
17:49:22 :: DEBUG :: response ---------- 2
17:49:22 :: DEBUG :: |
|
17:49:22 :: DEBUG :: inspector answers
17:49:22 :: DEBUG :: question type ----- blue character power exit
17:49:22 :: DEBUG :: data -------------- [1, 3]
17:49:22 :: DEBUG :: response index ---- 0
17:49:22 :: DEBUG :: response ---------- 1
17:49:22 :: INFO :: question : blue character power exit
17:49:22 :: INFO :: answer : {1, 2}
17:49:22 :: INFO :: The fantom screams.
17:49:22 :: INFO :: ----------
---- fantom wins
17:49:22 :: INFO :: ---- final position of Carlotta : 25
17:49:22 :: INFO :: ---- exit : 22
17:49:22 :: INFO :: ---- final score : -3
----------
